<?xml version="1.0" encoding="UTF-8"?>
<!-- Generated by org.testng.reporters.JUnitXMLReporter -->
<testsuite hostname="Priya" ignored="0" name="Default test" tests="3" failures="0" timestamp="14 Feb 2018 07:22:55 GMT" time="51.703" errors="0">
  <testcase name="search" time="2.386" classname="com.sword.search.SearchResults"/>
  <testcase name="search" time="9.505" classname="com.sword.search.SearchResults"/>
  <testcase name="search" time="5.767" classname="com.sword.search.SearchResults"/>
</testsuite> <!-- Default test -->
