<?xml version="1.0" encoding="UTF-8"?>
<!-- Generated by org.testng.reporters.JUnitXMLReporter -->
<testsuite hostname="Priya" ignored="0" name="Test" tests="2" failures="2" timestamp="13 Feb 2018 09:06:41 GMT" time="32.195" errors="0">
  <testcase name="searchSnappit" time="0.014" classname="searchInHomePage.SearchingProduct">
    <failure type="java.lang.NullPointerException">
      <![CDATA[java.lang.NullPointerException
	at searchInHomePage.SearchingProduct.searchSnappit(SearchingProduct.java:30)
... Removed 25 stack frames]]>
    </failure>
  </testcase> <!-- searchSnappit -->
  <testcase name="searchRegression" time="0.001" classname="searchInHomePage.SearchingProduct">
    <failure type="java.lang.NullPointerException">
      <![CDATA[java.lang.NullPointerException
	at searchInHomePage.SearchingProduct.searchRegression(SearchingProduct.java:40)
... Removed 25 stack frames]]>
    </failure>
  </testcase> <!-- searchRegression -->
</testsuite> <!-- Test -->
